Using pre-set license
Built from '2020.3/staging' branch; Version is '2020.3.11f1 (99c7afb366b3) revision 10078127'; Using compiler version '192528614'; Build Type 'Release'
OS: 'Windows 10 Home; OS build 19042.1052; Version 2009; 64bit' Language: 'en' Physical Memory: 16224 MB
BatchMode: 1, IsHumanControllingUs: 0, StartBugReporterOnCrash: 0, Is64bit: 1, IsPro: 0

 COMMAND LINE ARGUMENTS:
C:\Program Files\Unity\Hub\Editor\2020.3.11f1\Editor\Unity.exe
-adb2
-batchMode
-noUpm
-name
AssetImportWorker0
-projectPath
C:/Users/lazam/Desktop/Tesis/Final-Version/Versi贸n Final_Solicitada/Cableado_Estructurado_Final
-logFile
Logs/AssetImportWorker0.log
-srvPort
55693
Successfully changed project path to: C:/Users/lazam/Desktop/Tesis/Final-Version/Versi贸n Final_Solicitada/Cableado_Estructurado_Final
C:/Users/lazam/Desktop/Tesis/Final-Version/Versi贸n Final_Solicitada/Cableado_Estructurado_Final
Using Asset Import Pipeline V2.
Refreshing native plugins compatible for Editor in 50.43 ms, found 2 plugins.
Preloading 0 native plugins for Editor in 0.00 ms.
Initialize engine version: 2020.3.11f1 (99c7afb366b3)
[Subsystems] Discovering subsystems at path C:/Program Files/Unity/Hub/Editor/2020.3.11f1/Editor/Data/Resources/UnitySubsystems
[Subsystems] Discovering subsystems at path C:/Users/lazam/Desktop/Tesis/Final-Version/Versi贸n Final_Solicitada/Cableado_Estructurado_Final/Assets
GfxDevice: creating device client; threaded=0
Direct3D:
    Version:  Direct3D 11.0 [level 11.1]
    Renderer: NVIDIA GeForce RTX 2060 (ID=0x1f15)
    Vendor:   
    VRAM:     5980 MB
    Driver:   27.21.14.6589
Initialize mono
Mono path[0] = 'C:/Program Files/Unity/Hub/Editor/2020.3.11f1/Editor/Data/Managed'
Mono path[1] = 'C:/Program Files/Unity/Hub/Editor/2020.3.11f1/Editor/Data/MonoBleedingEdge/lib/mono/unityjit'
Mono config path = 'C:/Program Files/Unity/Hub/Editor/2020.3.11f1/Editor/Data/MonoBleedingEdge/etc'
Using monoOptions --debugger-agent=transport=dt_socket,embedding=1,server=y,suspend=n,address=127.0.0.1:56384
Begin MonoManager ReloadAssembly
Registering precompiled unity dll's ...
Register platform support module: C:/Program Files/Unity/Hub/Editor/2020.3.11f1/Editor/Data/PlaybackEngines/WebGLSupport/UnityEditor.WebGL.Extensions.dll
Register platform support module: C:/Program Files/Unity/Hub/Editor/2020.3.11f1/Editor/Data/PlaybackEngines/WindowsStandaloneSupport/UnityEditor.WindowsStandalone.Extensions.dll
Registered in 0.003193 seconds.
Native extension for WindowsStandalone target not found
Native extension for WebGL target not found
Refreshing native plugins compatible for Editor in 31.67 ms, found 2 plugins.
Preloading 0 native plugins for Editor in 0.00 ms.
Mono: successfully reloaded assembly
- Completed reload, in  1.246 seconds
Platform modules already initialized, skipping
Registering precompiled user dll's ...
Registered in 0.003993 seconds.
Begin MonoManager ReloadAssembly
Native extension for WindowsStandalone target not found
Native extension for WebGL target not found
Refreshing native plugins compatible for Editor in 0.41 ms, found 2 plugins.
Preloading 0 native plugins for Editor in 0.00 ms.
Mono: successfully reloaded assembly
- Completed reload, in  1.152 seconds
Platform modules already initialized, skipping
========================================================================
Worker process is ready to serve import requests
Launched and connected shader compiler UnityShaderCompiler.exe after 0.12 seconds
Refreshing native plugins compatible for Editor in 1.15 ms, found 2 plugins.
Preloading 0 native plugins for Editor in 0.00 ms.
Unloading 1458 Unused Serialized files (Serialized files now loaded: 0)
System memory in use before: 68.6 MB.
System memory in use after: 68.6 MB.

Unloading 19 unused Assets to reduce memory usage. Loaded Objects now: 1895.
Total: 2.780700 ms (FindLiveObjects: 0.185500 ms CreateObjectMapping: 0.116200 ms MarkObjects: 2.341600 ms  DeleteObjects: 0.135200 ms)

========================================================================
Received Import Request.
  path: Assets/Sprites/hubswitch.png
  artifactKey: Guid(8c4489769d425604d998a05531e71c98) Importer(815301076,1909f56bfc062723c751e8b465ee728b)
Start importing Assets/Sprites/hubswitch.png using Guid(8c4489769d425604d998a05531e71c98) Importer(815301076,1909f56bfc062723c751e8b465ee728b)  -> (artifact id: '4c90c7cb9818a976e1687f3c8e30e2d7') in 0.139288 seconds
  Import took 0.142805 seconds .

========================================================================
Received Import Request.
  Time since last request: 0.000355 seconds.
  path: Assets/Prefabs/Board.prefab
  artifactKey: Guid(b7fa27014c0234a3fa031eb77366f72e) Importer(815301076,1909f56bfc062723c751e8b465ee728b)
Start importing Assets/Prefabs/Board.prefab using Guid(b7fa27014c0234a3fa031eb77366f72e) Importer(815301076,1909f56bfc062723c751e8b465ee728b)  -> (artifact id: '01c32281f31b2e93dbaed2051abf2c26') in 0.382833 seconds
  Import took 0.387692 seconds .

========================================================================
Received Import Request.
  Time since last request: 0.000394 seconds.
  path: Assets/Prefabs/ElbowGutterInvent.prefab
  artifactKey: Guid(a8d4abef9ae1c8245bc47bbc41216ad5) Importer(815301076,1909f56bfc062723c751e8b465ee728b)
Start importing Assets/Prefabs/ElbowGutterInvent.prefab using Guid(a8d4abef9ae1c8245bc47bbc41216ad5) Importer(815301076,1909f56bfc062723c751e8b465ee728b)  -> (artifact id: '855a3f5a513cfbb0f9e76b9941ad9ae4') in 0.029415 seconds
  Import took 0.033612 seconds .

========================================================================
Received Import Request.
  Time since last request: 0.000290 seconds.
  path: Assets/Prefabs/Bin.prefab
  artifactKey: Guid(8f026e6fc68c347eca18d8745134be23) Importer(815301076,1909f56bfc062723c751e8b465ee728b)
Start importing Assets/Prefabs/Bin.prefab using Guid(8f026e6fc68c347eca18d8745134be23) Importer(815301076,1909f56bfc062723c751e8b465ee728b)  -> (artifact id: '6abb141873480183611125aa1cb9e2bc') in 0.046901 seconds
  Import took 0.050973 seconds .

========================================================================
Received Import Request.
  Time since last request: 0.000369 seconds.
  path: Assets/Sprites/ElbowGutterVertical1.png
  artifactKey: Guid(519d6aefa95d40e4aac3ca5a0c7fbf26) Importer(815301076,1909f56bfc062723c751e8b465ee728b)
Start importing Assets/Sprites/ElbowGutterVertical1.png using Guid(519d6aefa95d40e4aac3ca5a0c7fbf26) Importer(815301076,1909f56bfc062723c751e8b465ee728b)  -> (artifact id: '3ceefcd1a1928feea46774f1626ba165') in 0.023780 seconds
  Import took 0.028061 seconds .

========================================================================
Received Import Request.
  Time since last request: 0.000316 seconds.
  path: Assets/Prefabs/ElbowGutterLeft2.prefab
  artifactKey: Guid(e28da4d82ca9f4c4bb071cd320879efd) Importer(815301076,1909f56bfc062723c751e8b465ee728b)
Start importing Assets/Prefabs/ElbowGutterLeft2.prefab using Guid(e28da4d82ca9f4c4bb071cd320879efd) Importer(815301076,1909f56bfc062723c751e8b465ee728b)  -> (artifact id: 'e719fcde8e800405de6c4bde3ff12828') in 0.028030 seconds
  Import took 0.033999 seconds .

========================================================================
Received Import Request.
  Time since last request: 0.000298 seconds.
  path: Assets/Sprites/ElbowGutterLeft1.png
  artifactKey: Guid(8d7e29ee5a67c044893feff5a9000494) Importer(815301076,1909f56bfc062723c751e8b465ee728b)
Start importing Assets/Sprites/ElbowGutterLeft1.png using Guid(8d7e29ee5a67c044893feff5a9000494) Importer(815301076,1909f56bfc062723c751e8b465ee728b)  -> (artifact id: 'e3a59784793d3576d013897816087c2b') in 0.023746 seconds
  Import took 0.027827 seconds .

========================================================================
Received Import Request.
  Time since last request: 0.000282 seconds.
  path: Assets/Sprites/Bin.png
  artifactKey: Guid(d1f3f7299beac484ebe4aded4c7f5bc3) Importer(815301076,1909f56bfc062723c751e8b465ee728b)
Start importing Assets/Sprites/Bin.png using Guid(d1f3f7299beac484ebe4aded4c7f5bc3) Importer(815301076,1909f56bfc062723c751e8b465ee728b)  -> (artifact id: '453be99957f494d34c831bb3323cd56f') in 0.064861 seconds
  Import took 0.069181 seconds .

========================================================================
Received Import Request.
  Time since last request: 0.000246 seconds.
  path: Assets/Sprites/Gutter_T4.png
  artifactKey: Guid(4532c18e9749e634e8b3dc26fa5bca0f) Importer(815301076,1909f56bfc062723c751e8b465ee728b)
Start importing Assets/Sprites/Gutter_T4.png using Guid(4532c18e9749e634e8b3dc26fa5bca0f) Importer(815301076,1909f56bfc062723c751e8b465ee728b)  -> (artifact id: 'b44b35197092702f7bb8849dbd16078c') in 0.022494 seconds
  Import took 0.027120 seconds .

========================================================================
Received Import Request.
  Time since last request: 0.000652 seconds.
  path: Assets/Prefabs/ElbowGutterRight1.prefab
  artifactKey: Guid(96517cdce660f470780d2686f908eeec) Importer(815301076,1909f56bfc062723c751e8b465ee728b)
Start importing Assets/Prefabs/ElbowGutterRight1.prefab using Guid(96517cdce660f470780d2686f908eeec) Importer(815301076,1909f56bfc062723c751e8b465ee728b)  -> (artifact id: '448cffda6e15e7ee4a7fbd9cedd38630') in 0.030716 seconds
  Import took 0.037086 seconds .

========================================================================
Received Import Request.
  Time since last request: 0.000344 seconds.
  path: Assets/Sprites/Gutter.png
  artifactKey: Guid(b3f49465efe7b6e4bae7b3cc7ffeac46) Importer(815301076,1909f56bfc062723c751e8b465ee728b)
Start importing Assets/Sprites/Gutter.png using Guid(b3f49465efe7b6e4bae7b3cc7ffeac46) Importer(815301076,1909f56bfc062723c751e8b465ee728b)  -> (artifact id: 'f15b4b1396fe658052ffb60e597e496a') in 0.023380 seconds
  Import took 0.028760 seconds .

========================================================================
Received Import Request.
  Time since last request: 0.000550 seconds.
  path: Assets/Prefabs/Door1.prefab
  artifactKey: Guid(925eb392fe911ba439c74ae2a5c8abc8) Importer(815301076,1909f56bfc062723c751e8b465ee728b)
Start importing Assets/Prefabs/Door1.prefab using Guid(925eb392fe911ba439c74ae2a5c8abc8) Importer(815301076,1909f56bfc062723c751e8b465ee728b)  -> (artifact id: 'b8b980fbbbc7ae5f185c75892e24d600') in 0.054156 seconds
  Import took 0.060082 seconds .

========================================================================
Received Import Request.
  Time since last request: 0.000229 seconds.
  path: Assets/Sprites/Board.png
  artifactKey: Guid(67f98b4d9351b834195dcaa9d3560e0d) Importer(815301076,1909f56bfc062723c751e8b465ee728b)
Start importing Assets/Sprites/Board.png using Guid(67f98b4d9351b834195dcaa9d3560e0d) Importer(815301076,1909f56bfc062723c751e8b465ee728b)  -> (artifact id: '813e3b71b66a0c570850a08a84163af7') in 0.069664 seconds
  Import took 0.073895 seconds .

========================================================================
Received Import Request.
  Time since last request: 0.000243 seconds.
  path: Assets/Prefabs/ElbowGutter.prefab
  artifactKey: Guid(2229facb75bf0964f88571610fbd0de1) Importer(815301076,1909f56bfc062723c751e8b465ee728b)
Start importing Assets/Prefabs/ElbowGutter.prefab using Guid(2229facb75bf0964f88571610fbd0de1) Importer(815301076,1909f56bfc062723c751e8b465ee728b)  -> (artifact id: '7760516baeb0d64aacf94319cb66ee03') in 0.027152 seconds
  Import took 0.031241 seconds .

========================================================================
Received Import Request.
  Time since last request: 0.000364 seconds.
  path: Assets/Sprites/baldosa.png
  artifactKey: Guid(37a8831e2935d714cba78c9485dcc1ca) Importer(815301076,1909f56bfc062723c751e8b465ee728b)
Start importing Assets/Sprites/baldosa.png using Guid(37a8831e2935d714cba78c9485dcc1ca) Importer(815301076,1909f56bfc062723c751e8b465ee728b)  -> (artifact id: '5387fa96b2bef41952f4662fd3475a2c') in 0.027076 seconds
  Import took 0.033794 seconds .

========================================================================
Received Import Request.
  Time since last request: 0.000436 seconds.
  path: Assets/Sprites/Gutter_T3.png
  artifactKey: Guid(8339b33c645e62041ab02e68de46527d) Importer(815301076,1909f56bfc062723c751e8b465ee728b)
Start importing Assets/Sprites/Gutter_T3.png using Guid(8339b33c645e62041ab02e68de46527d) Importer(815301076,1909f56bfc062723c751e8b465ee728b)  -> (artifact id: '144f95d9cc7d28d46b46a7cbc55753bb') in 0.031213 seconds
  Import took 0.035954 seconds .

========================================================================
Received Import Request.
  Time since last request: 0.000292 seconds.
  path: Assets/Prefabs/ElbowGutterVertical3.prefab
  artifactKey: Guid(b6dd97a8e415a4eff9e078f374626864) Importer(815301076,1909f56bfc062723c751e8b465ee728b)
Start importing Assets/Prefabs/ElbowGutterVertical3.prefab using Guid(b6dd97a8e415a4eff9e078f374626864) Importer(815301076,1909f56bfc062723c751e8b465ee728b)  -> (artifact id: 'dea1630e8ab99352a51838ab2aafa69a') in 0.024469 seconds
  Import took 0.029359 seconds .

========================================================================
Received Import Request.
  Time since last request: 0.000256 seconds.
  path: Assets/Prefabs/ElbowGutterRight2.prefab
  artifactKey: Guid(c09f20f48ebf5490fbbcaea72d5c579f) Importer(815301076,1909f56bfc062723c751e8b465ee728b)
Start importing Assets/Prefabs/ElbowGutterRight2.prefab using Guid(c09f20f48ebf5490fbbcaea72d5c579f) Importer(815301076,1909f56bfc062723c751e8b465ee728b)  -> (artifact id: 'e8e6785326c1b3595d4ac42ab961cbd3') in 0.033654 seconds
  Import took 0.040131 seconds .

========================================================================
Received Import Request.
  Time since last request: 0.000400 seconds.
  path: Assets/Prefabs/ElbowGutterVertical1.prefab
  artifactKey: Guid(50f4810e4d28149cdad14b3fb4565e77) Importer(815301076,1909f56bfc062723c751e8b465ee728b)
Start importing Assets/Prefabs/ElbowGutterVertical1.prefab using Guid(50f4810e4d28149cdad14b3fb4565e77) Importer(815301076,1909f56bfc062723c751e8b465ee728b)  -> (artifact id: '3a982ae084ce0b2914ef3016265de9e0') in 0.024146 seconds
  Import took 0.028467 seconds .

========================================================================
Received Import Request.
  Time since last request: 0.000319 seconds.
  path: Assets/Sprites/LGutter.png
  artifactKey: Guid(426c4696f9e46ea49b03f196337c18ea) Importer(815301076,1909f56bfc062723c751e8b465ee728b)
Start importing Assets/Sprites/LGutter.png using Guid(426c4696f9e46ea49b03f196337c18ea) Importer(815301076,1909f56bfc062723c751e8b465ee728b)  -> (artifact id: 'f944b04136fa65769766d597fee2e763') in 0.033595 seconds
  Import took 0.038268 seconds .

========================================================================
Received Import Request.
  Time since last request: 0.000263 seconds.
  path: Assets/Prefabs/ElbowGutterVertical4.prefab
  artifactKey: Guid(b40b40a78de8d45c3825e564c367e680) Importer(815301076,1909f56bfc062723c751e8b465ee728b)
Start importing Assets/Prefabs/ElbowGutterVertical4.prefab using Guid(b40b40a78de8d45c3825e564c367e680) Importer(815301076,1909f56bfc062723c751e8b465ee728b)  -> (artifact id: '8b9df63660c8d68bd1c810fe1adc41d4') in 0.029149 seconds
  Import took 0.033934 seconds .

========================================================================
Received Import Request.
  Time since last request: 0.000303 seconds.
  path: Assets/Sprites/ElbowGutterLeft2.png
  artifactKey: Guid(8d1ce542643f65340bbdf7fc9c5df629) Importer(815301076,1909f56bfc062723c751e8b465ee728b)
Start importing Assets/Sprites/ElbowGutterLeft2.png using Guid(8d1ce542643f65340bbdf7fc9c5df629) Importer(815301076,1909f56bfc062723c751e8b465ee728b)  -> (artifact id: '20678e8bc3a92d37151a31102ec964b7') in 0.029892 seconds
  Import took 0.034337 seconds .

========================================================================
Received Import Request.
  Time since last request: 0.000235 seconds.
  path: Assets/Sprites/LGutterNew.png
  artifactKey: Guid(270d0e838965c5b48bea578ca67e83d9) Importer(815301076,1909f56bfc062723c751e8b465ee728b)
Start importing Assets/Sprites/LGutterNew.png using Guid(270d0e838965c5b48bea578ca67e83d9) Importer(815301076,1909f56bfc062723c751e8b465ee728b)  -> (artifact id: 'ab9a7a0154a6bcec3c498242f14ae8f6') in 0.028127 seconds
  Import took 0.035277 seconds .

========================================================================
Received Import Request.
  Time since last request: 0.000429 seconds.
  path: Assets/Sprites/ElbowGutter.png
  artifactKey: Guid(40f46b23c65789e4390f93b7c1ca47f4) Importer(815301076,1909f56bfc062723c751e8b465ee728b)
Start importing Assets/Sprites/ElbowGutter.png using Guid(40f46b23c65789e4390f93b7c1ca47f4) Importer(815301076,1909f56bfc062723c751e8b465ee728b)  -> (artifact id: 'f107983557c8211e1143e0ebbbbb22bb') in 0.032386 seconds
  Import took 0.041833 seconds .

========================================================================
Received Import Request.
  Time since last request: 0.000338 seconds.
  path: Assets/Prefabs/ElbowGutterLeft1.prefab
  artifactKey: Guid(0911ed8cb7f6d44d58657a4be34b939a) Importer(815301076,1909f56bfc062723c751e8b465ee728b)
Start importing Assets/Prefabs/ElbowGutterLeft1.prefab using Guid(0911ed8cb7f6d44d58657a4be34b939a) Importer(815301076,1909f56bfc062723c751e8b465ee728b)  -> (artifact id: 'bb1d31baace5989145fe7bcb5724ad02') in 0.024845 seconds
  Import took 0.030699 seconds .

========================================================================
Received Import Request.
  Time since last request: 0.000286 seconds.
  path: Assets/Sprites/ElbowGutterRight1.png
  artifactKey: Guid(4c64e4297f89043409969c3c34248f28) Importer(815301076,1909f56bfc062723c751e8b465ee728b)
Start importing Assets/Sprites/ElbowGutterRight1.png using Guid(4c64e4297f89043409969c3c34248f28) Importer(815301076,1909f56bfc062723c751e8b465ee728b)  -> (artifact id: '9163245972a4c282272a0d7a4348ac4b') in 0.036252 seconds
  Import took 0.046526 seconds .

========================================================================
Received Import Request.
  Time since last request: 0.000336 seconds.
  path: Assets/Sprites/Gutter_T1.png
  artifactKey: Guid(a6c398a0d6aceb74a9dd324c073df76e) Importer(815301076,1909f56bfc062723c751e8b465ee728b)
Start importing Assets/Sprites/Gutter_T1.png using Guid(a6c398a0d6aceb74a9dd324c073df76e) Importer(815301076,1909f56bfc062723c751e8b465ee728b)  -> (artifact id: '01de015424d5ffe5effe1baf489e207b') in 0.035204 seconds
  Import took 0.040760 seconds .

========================================================================
Received Import Request.
  Time since last request: 0.000701 seconds.
  path: Assets/Sprites/interfaz Inventario.png
  artifactKey: Guid(5f370d21035040143916e7d30ae64653) Importer(815301076,1909f56bfc062723c751e8b465ee728b)
Start importing Assets/Sprites/interfaz Inventario.png using Guid(5f370d21035040143916e7d30ae64653) Importer(815301076,1909f56bfc062723c751e8b465ee728b)  -> (artifact id: '15793d84bcbb5110f95ab9d209d8212c') in 0.031362 seconds
  Import took 0.037829 seconds .

========================================================================
Received Import Request.
  Time since last request: 0.000343 seconds.
  path: Assets/Prefabs/ElbowGutterVertical2.prefab
  artifactKey: Guid(8a49f8e71224148049de059938f729d1) Importer(815301076,1909f56bfc062723c751e8b465ee728b)
Start importing Assets/Prefabs/ElbowGutterVertical2.prefab using Guid(8a49f8e71224148049de059938f729d1) Importer(815301076,1909f56bfc062723c751e8b465ee728b)  -> (artifact id: 'a7d5e4fce106d167628b658c495bccf8') in 0.023059 seconds
  Import took 0.027616 seconds .

========================================================================
Received Import Request.
  Time since last request: 0.000375 seconds.
  path: Assets/Prefabs/CableT.prefab
  artifactKey: Guid(3703ac0c55cd740069b338032c473e1f) Importer(815301076,1909f56bfc062723c751e8b465ee728b)
Start importing Assets/Prefabs/CableT.prefab using Guid(3703ac0c55cd740069b338032c473e1f) Importer(815301076,1909f56bfc062723c751e8b465ee728b)  -> (artifact id: '186f51f94c29e63584d57643bf723ad6') in 0.372778 seconds
  Import took 0.378212 seconds .

========================================================================
Received Import Request.
  Time since last request: 0.000246 seconds.
  path: Assets/Sprites/ElbowGutterVertical2.png
  artifactKey: Guid(c89e147f98c609e4498e48e8aed95600) Importer(815301076,1909f56bfc062723c751e8b465ee728b)
Start importing Assets/Sprites/ElbowGutterVertical2.png using Guid(c89e147f98c609e4498e48e8aed95600) Importer(815301076,1909f56bfc062723c751e8b465ee728b)  -> (artifact id: '52e2c7827a32ee0620877a8ca38e1c71') in 0.024428 seconds
  Import took 0.027465 seconds .

========================================================================
Received Import Request.
  Time since last request: 0.000310 seconds.
  path: Assets/Scenes/Modo Estandar.unity
  artifactKey: Guid(a8bc8efd9e793455cafbaacebb9fe9b5) Importer(815301076,1909f56bfc062723c751e8b465ee728b)
Start importing Assets/Scenes/Modo Estandar.unity using Guid(a8bc8efd9e793455cafbaacebb9fe9b5) Importer(815301076,1909f56bfc062723c751e8b465ee728b)  -> (artifact id: '82e5b2a6cc9eee870aba9585e7b53994') in 0.010784 seconds
  Import took 0.015411 seconds .

========================================================================
Received Import Request.
  Time since last request: 0.000399 seconds.
  path: Assets/Sprites/ElbowGutterVertical3.png
  artifactKey: Guid(85bf6369a9438fb4c9065800ce54a8bc) Importer(815301076,1909f56bfc062723c751e8b465ee728b)
Start importing Assets/Sprites/ElbowGutterVertical3.png using Guid(85bf6369a9438fb4c9065800ce54a8bc) Importer(815301076,1909f56bfc062723c751e8b465ee728b)  -> (artifact id: '86a19f60ae481bde0541afd60a65c3f1') in 0.023334 seconds
  Import took 0.028290 seconds .

========================================================================
Received Import Request.
  Time since last request: 0.000393 seconds.
  path: Assets/Prefabs/ElbowGutterRight.prefab
  artifactKey: Guid(0e6e06e2398be4d11a36cf01ad109055) Importer(815301076,1909f56bfc062723c751e8b465ee728b)
Start importing Assets/Prefabs/ElbowGutterRight.prefab using Guid(0e6e06e2398be4d11a36cf01ad109055) Importer(815301076,1909f56bfc062723c751e8b465ee728b)  -> (artifact id: 'fb7be55e3c6ce916b4f5db1067f72587') in 0.019872 seconds
  Import took 0.024574 seconds .

========================================================================
Received Import Request.
  Time since last request: 0.000281 seconds.
  path: Assets/Prefabs/ElbowGutterLeft.prefab
  artifactKey: Guid(3feff632b1d9f4a81a6b09c998d44c98) Importer(815301076,1909f56bfc062723c751e8b465ee728b)
Start importing Assets/Prefabs/ElbowGutterLeft.prefab using Guid(3feff632b1d9f4a81a6b09c998d44c98) Importer(815301076,1909f56bfc062723c751e8b465ee728b)  -> (artifact id: '6f12f61a37c59a15b444fc31c1045d3b') in 0.024491 seconds
  Import took 0.029078 seconds .

========================================================================
Received Import Request.
  Time since last request: 0.000301 seconds.
  path: Assets/Sprites/ElbowGutterVertical4.png
  artifactKey: Guid(57c8184237184c24ba2b5b9f945e0eac) Importer(815301076,1909f56bfc062723c751e8b465ee728b)
Start importing Assets/Sprites/ElbowGutterVertical4.png using Guid(57c8184237184c24ba2b5b9f945e0eac) Importer(815301076,1909f56bfc062723c751e8b465ee728b)  -> (artifact id: '5ca1f79b8e43d9901357c82560c38088') in 0.026003 seconds
  Import took 0.031704 seconds .

========================================================================
Received Import Request.
  Time since last request: 0.000312 seconds.
  path: Assets/Prefabs/ElbowGutterCeiling.prefab
  artifactKey: Guid(b57d7f8a4d66bf84c9c726d8c2f22158) Importer(815301076,1909f56bfc062723c751e8b465ee728b)
Start importing Assets/Prefabs/ElbowGutterCeiling.prefab using Guid(b57d7f8a4d66bf84c9c726d8c2f22158) Importer(815301076,1909f56bfc062723c751e8b465ee728b)  -> (artifact id: '0cac85361e72317c11a771fe3a60eab7') in 0.020684 seconds
  Import took 0.024550 seconds .

========================================================================
Received Import Request.
  Time since last request: 0.000395 seconds.
  path: Assets/Prefabs/CableCodos.prefab
  artifactKey: Guid(5b44033285dfd4377b4bab20186d85ca) Importer(815301076,1909f56bfc062723c751e8b465ee728b)
Start importing Assets/Prefabs/CableCodos.prefab using Guid(5b44033285dfd4377b4bab20186d85ca) Importer(815301076,1909f56bfc062723c751e8b465ee728b)  -> (artifact id: 'aff7de4aa873e71ce7742bbf01912200') in 0.029970 seconds
  Import took 0.034771 seconds .

========================================================================
Received Import Request.
  Time since last request: 0.000278 seconds.
  path: Assets/Sprites/ElbowGutterRight2.png
  artifactKey: Guid(35ab8055852edc546bb223d4927ea73c) Importer(815301076,1909f56bfc062723c751e8b465ee728b)
Start importing Assets/Sprites/ElbowGutterRight2.png using Guid(35ab8055852edc546bb223d4927ea73c) Importer(815301076,1909f56bfc062723c751e8b465ee728b)  -> (artifact id: '356e00fc3606554a4c1a43fdfef84bd5') in 0.027186 seconds
  Import took 0.031088 seconds .

========================================================================
Received Import Request.
  Time since last request: 0.000414 seconds.
  path: Assets/Sprites/Gutter_T2.png
  artifactKey: Guid(55773462c7acdf84da8bd4674e359544) Importer(815301076,1909f56bfc062723c751e8b465ee728b)
Start importing Assets/Sprites/Gutter_T2.png using Guid(55773462c7acdf84da8bd4674e359544) Importer(815301076,1909f56bfc062723c751e8b465ee728b)  -> (artifact id: 'c7ba85ebb33649670825353a85908be1') in 0.025950 seconds
  Import took 0.031169 seconds .

========================================================================
Received Import Request.
  Time since last request: 1.446899 seconds.
  path: Assets/Scenes/FirstScene.unity
  artifactKey: Guid(27c90ee75063a714fbcc744d00973665) Importer(815301076,1909f56bfc062723c751e8b465ee728b)
Start importing Assets/Scenes/FirstScene.unity using Guid(27c90ee75063a714fbcc744d00973665) Importer(815301076,1909f56bfc062723c751e8b465ee728b)  -> (artifact id: '080d8efe500d728d84653ec44787fe47') in 0.008621 seconds
  Import took 0.012048 seconds .

========================================================================
Received Import Request.
  Time since last request: 168.403061 seconds.
  path: Assets/Materials/Baldosa2.jpg
  artifactKey: Guid(001b4d6804ed8b04fa02af1e2b712da3) Importer(815301076,1909f56bfc062723c751e8b465ee728b)
Start importing Assets/Materials/Baldosa2.jpg using Guid(001b4d6804ed8b04fa02af1e2b712da3) Importer(815301076,1909f56bfc062723c751e8b465ee728b)  -> (artifact id: '0714ca4c01f5607cf75b62e50a07514d') in 0.025385 seconds
  Import took 0.030207 seconds .

========================================================================
Received Import Request.
  Time since last request: 0.000321 seconds.
  path: Assets/Materials/Ceiling.jpg
  artifactKey: Guid(2b987c29af4057f43899a203bdfe6251) Importer(815301076,1909f56bfc062723c751e8b465ee728b)
Start importing Assets/Materials/Ceiling.jpg using Guid(2b987c29af4057f43899a203bdfe6251) Importer(815301076,1909f56bfc062723c751e8b465ee728b)  -> (artifact id: '002547e39bf4403b9cd1cb2f2b389650') in 0.016669 seconds
  Import took 0.020695 seconds .

========================================================================
Received Import Request.
  Time since last request: 0.000319 seconds.
  path: Assets/Materials/Green.mat
  artifactKey: Guid(cb8696339d014be48a97359e1878266c) Importer(815301076,1909f56bfc062723c751e8b465ee728b)
Start importing Assets/Materials/Green.mat using Guid(cb8696339d014be48a97359e1878266c) Importer(815301076,1909f56bfc062723c751e8b465ee728b)  -> (artifact id: '7f12b111aa238dc3fcd75133807e91a8') in 0.062384 seconds
  Import took 0.066955 seconds .

========================================================================
Received Import Request.
  Time since last request: 0.000300 seconds.
  path: Assets/Materials/Board.blend
  artifactKey: Guid(cc25dd5d36bb64e288452f7a5a680e17) Importer(815301076,1909f56bfc062723c751e8b465ee728b)
Start importing Assets/Materials/Board.blend using Guid(cc25dd5d36bb64e288452f7a5a680e17) Importer(815301076,1909f56bfc062723c751e8b465ee728b)  -> (artifact id: 'ea511d566e5c9b70be31af407cb17d79') in 0.212855 seconds
  Import took 0.216892 seconds .

========================================================================
Received Import Request.
  Time since last request: 0.000332 seconds.
  path: Assets/Materials/Baldosa3.jpg
  artifactKey: Guid(8d09f2505778f53409db4227b5eab0e2) Importer(815301076,1909f56bfc062723c751e8b465ee728b)
Start importing Assets/Materials/Baldosa3.jpg using Guid(8d09f2505778f53409db4227b5eab0e2) Importer(815301076,1909f56bfc062723c751e8b465ee728b)  -> (artifact id: 'f63f5c439dc8130ffee4064922ad68e2') in 0.016202 seconds
  Import took 0.019228 seconds .

========================================================================
Received Import Request.
  Time since last request: 0.000249 seconds.
  path: Assets/Materials/Blue.mat
  artifactKey: Guid(120595182e6093042b7b5cdf18206440) Importer(815301076,1909f56bfc062723c751e8b465ee728b)
Start importing Assets/Materials/Blue.mat using Guid(120595182e6093042b7b5cdf18206440) Importer(815301076,1909f56bfc062723c751e8b465ee728b)  -> (artifact id: '71d673b4328e1fc4100e009d65c011e8') in 0.022477 seconds
  Import took 0.026281 seconds .

========================================================================
Received Import Request.
  Time since last request: 0.000303 seconds.
  path: Assets/Materials/M_Table.jpg
  artifactKey: Guid(5e06bc6d47603404ea03bb6b2d98e8c0) Importer(815301076,1909f56bfc062723c751e8b465ee728b)
Start importing Assets/Materials/M_Table.jpg using Guid(5e06bc6d47603404ea03bb6b2d98e8c0) Importer(815301076,1909f56bfc062723c751e8b465ee728b)  -> (artifact id: 'e1f5c661ebc120a19c8946d4d8d068b8') in 0.015846 seconds
  Import took 0.019768 seconds .

========================================================================
Received Import Request.
  Time since last request: 0.000307 seconds.
  path: Assets/Materials/Baldosa2.jpg
  artifactKey: Guid(001b4d6804ed8b04fa02af1e2b712da3) Importer(815301076,1909f56bfc062723c751e8b465ee728b)
Start importing Assets/Materials/Baldosa2.jpg using Guid(001b4d6804ed8b04fa02af1e2b712da3) Importer(815301076,1909f56bfc062723c751e8b465ee728b)  -> (artifact id: '0714ca4c01f5607cf75b62e50a07514d') in 0.012628 seconds
  Import took 0.016481 seconds .

========================================================================
Received Import Request.
  Time since last request: 0.000336 seconds.
  path: Assets/Materials/Metal.mat
  artifactKey: Guid(18b82f926bfb42e4cbf43c85e11b8188) Importer(815301076,1909f56bfc062723c751e8b465ee728b)
Start importing Assets/Materials/Metal.mat using Guid(18b82f926bfb42e4cbf43c85e11b8188) Importer(815301076,1909f56bfc062723c751e8b465ee728b)  -> (artifact id: '8e080ee37a887296f2f85c859286fd9b') in 0.020723 seconds
  Import took 0.024352 seconds .

========================================================================
Received Import Request.
  Time since last request: 0.000243 seconds.
  path: Assets/Materials/drywall.jpg
  artifactKey: Guid(6ae9a7eb98284f841bafd1014999a6cf) Importer(815301076,1909f56bfc062723c751e8b465ee728b)
Start importing Assets/Materials/drywall.jpg using Guid(6ae9a7eb98284f841bafd1014999a6cf) Importer(815301076,1909f56bfc062723c751e8b465ee728b)  -> (artifact id: '81af1211e817afcf156b8abc524dbed8') in 0.013023 seconds
  Import took 0.015726 seconds .

========================================================================
Received Import Request.
  Time since last request: 0.000225 seconds.
  path: Assets/Materials/DryWall.mat
  artifactKey: Guid(b9f389f3eb575a34e837ff981184b885) Importer(815301076,1909f56bfc062723c751e8b465ee728b)
Start importing Assets/Materials/DryWall.mat using Guid(b9f389f3eb575a34e837ff981184b885) Importer(815301076,1909f56bfc062723c751e8b465ee728b)  -> (artifact id: 'fa7e90871d69cda2fce295a89c28818f') in 0.023794 seconds
  Import took 0.027623 seconds .

========================================================================
Received Import Request.
  Time since last request: 0.000407 seconds.
  path: Assets/Materials/Brown.mat
  artifactKey: Guid(334fd77ea2bf2d8429cbbbba9db0a68c) Importer(815301076,1909f56bfc062723c751e8b465ee728b)
Start importing Assets/Materials/Brown.mat using Guid(334fd77ea2bf2d8429cbbbba9db0a68c) Importer(815301076,1909f56bfc062723c751e8b465ee728b)  -> (artifact id: '4b6cf2b7759d47eb6bdb43d7e3527bc1') in 0.014238 seconds
  Import took 0.017339 seconds .

========================================================================
Received Import Request.
  Time since last request: 0.000276 seconds.
  path: Assets/Materials/M_Chair.mat
  artifactKey: Guid(ab04406944ff52b45b0ce22b617e215f) Importer(815301076,1909f56bfc062723c751e8b465ee728b)
Start importing Assets/Materials/M_Chair.mat using Guid(ab04406944ff52b45b0ce22b617e215f) Importer(815301076,1909f56bfc062723c751e8b465ee728b)  -> (artifact id: '67b3817b9eda6e0ce03258e85c18b7c2') in 0.016752 seconds
  Import took 0.020954 seconds .

========================================================================
Received Import Request.
  Time since last request: 0.000374 seconds.
  path: Assets/Materials/melon.jpg
  artifactKey: Guid(83c95310ab206444fa22822f3006e7a8) Importer(815301076,1909f56bfc062723c751e8b465ee728b)
Start importing Assets/Materials/melon.jpg using Guid(83c95310ab206444fa22822f3006e7a8) Importer(815301076,1909f56bfc062723c751e8b465ee728b)  -> (artifact id: '3a405fbfc5a1c721ce32183b8e61080d') in 0.016367 seconds
  Import took 0.019692 seconds .

========================================================================
Received Import Request.
  Time since last request: 0.000250 seconds.
  path: Assets/Materials/Light Blue.mat
  artifactKey: Guid(3317e7e8d16d4634596d00a8802da033) Importer(815301076,1909f56bfc062723c751e8b465ee728b)
Start importing Assets/Materials/Light Blue.mat using Guid(3317e7e8d16d4634596d00a8802da033) Importer(815301076,1909f56bfc062723c751e8b465ee728b)  -> (artifact id: 'bce08dcb09998e719b5e086cba8554f3') in 0.019840 seconds
  Import took 0.024758 seconds .

========================================================================
Received Import Request.
  Time since last request: 0.000320 seconds.
  path: Assets/Materials/M_Chair.jpg
  artifactKey: Guid(5d842fbd4a60fce4db679dc9bd0895a1) Importer(815301076,1909f56bfc062723c751e8b465ee728b)
Start importing Assets/Materials/M_Chair.jpg using Guid(5d842fbd4a60fce4db679dc9bd0895a1) Importer(815301076,1909f56bfc062723c751e8b465ee728b)  -> (artifact id: 'edea0555bff15282f8a4ac9740352031') in 0.016650 seconds
  Import took 0.020230 seconds .

========================================================================
Received Import Request.
  Time since last request: 0.000361 seconds.
  path: Assets/Materials/Gray.mat
  artifactKey: Guid(229c8ebc0077916439043afce74a28ac) Importer(815301076,1909f56bfc062723c751e8b465ee728b)
Start importing Assets/Materials/Gray.mat using Guid(229c8ebc0077916439043afce74a28ac) Importer(815301076,1909f56bfc062723c751e8b465ee728b)  -> (artifact id: '870c44afbb0f6055338aba33a984c638') in 0.016854 seconds
  Import took 0.020508 seconds .

========================================================================
Received Import Request.
  Time since last request: 0.000240 seconds.
  path: Assets/Materials/Floor2.mat
  artifactKey: Guid(9fb4862c6cbab41488bb7c1e3a87bef0) Importer(815301076,1909f56bfc062723c751e8b465ee728b)
Start importing Assets/Materials/Floor2.mat using Guid(9fb4862c6cbab41488bb7c1e3a87bef0) Importer(815301076,1909f56bfc062723c751e8b465ee728b)  -> (artifact id: '481c628f0d10b9c50dc1858e5f330f79') in 0.014987 seconds
  Import took 0.019396 seconds .

========================================================================
Received Import Request.
  Time since last request: 0.000228 seconds.
  path: Assets/Materials/M_Table.mat
  artifactKey: Guid(6afa81a4b18e74043ab2fa7ae977df25) Importer(815301076,1909f56bfc062723c751e8b465ee728b)
Start importing Assets/Materials/M_Table.mat using Guid(6afa81a4b18e74043ab2fa7ae977df25) Importer(815301076,1909f56bfc062723c751e8b465ee728b)  -> (artifact id: 'c1801b2d7b3009f8689f72794d9e5348') in 0.019073 seconds
  Import took 0.023016 seconds .

========================================================================
Received Import Request.
  Time since last request: 0.000390 seconds.
  path: Assets/Materials/floor.mat
  artifactKey: Guid(3bf9793ccea6c48acb5e30fccd1c4866) Importer(815301076,1909f56bfc062723c751e8b465ee728b)
Start importing Assets/Materials/floor.mat using Guid(3bf9793ccea6c48acb5e30fccd1c4866) Importer(815301076,1909f56bfc062723c751e8b465ee728b)  -> (artifact id: '2f382733bd1d32bb203ac345c1bf5b32') in 0.015496 seconds
  Import took 0.018919 seconds .

========================================================================
Received Import Request.
  Time since last request: 0.000235 seconds.
  path: Assets/Materials/Green_Bin.mat
  artifactKey: Guid(57961574235be4e5cbe5dea14ce68bc9) Importer(815301076,1909f56bfc062723c751e8b465ee728b)
Start importing Assets/Materials/Green_Bin.mat using Guid(57961574235be4e5cbe5dea14ce68bc9) Importer(815301076,1909f56bfc062723c751e8b465ee728b)  -> (artifact id: '1b8895497ed47c9831248fa38e4f3c81') in 0.015818 seconds
  Import took 0.019135 seconds .

========================================================================
Received Import Request.
  Time since last request: 0.000237 seconds.
  path: Assets/Materials/Black.mat
  artifactKey: Guid(953c8806ad21425429cbd30fcfc0be49) Importer(815301076,1909f56bfc062723c751e8b465ee728b)
Start importing Assets/Materials/Black.mat using Guid(953c8806ad21425429cbd30fcfc0be49) Importer(815301076,1909f56bfc062723c751e8b465ee728b)  -> (artifact id: 'bdf28fd3e168c1a1f4214ccded6a58b2') in 0.022154 seconds
  Import took 0.025899 seconds .

========================================================================
Received Import Request.
  Time since last request: 0.765470 seconds.
  path: Assets/Materials/PlasticWhite.mat
  artifactKey: Guid(071567fbc4003174797bb134471cf460) Importer(815301076,1909f56bfc062723c751e8b465ee728b)
Start importing Assets/Materials/PlasticWhite.mat using Guid(071567fbc4003174797bb134471cf460) Importer(815301076,1909f56bfc062723c751e8b465ee728b)  -> (artifact id: 'fab48f5370fcea646aa35f09348ac230') in 0.014000 seconds
  Import took 0.016788 seconds .

========================================================================
Received Import Request.
  Time since last request: 0.000222 seconds.
  path: Assets/Materials/Wall_E.mat
  artifactKey: Guid(deec74141c8235a48a22839cfff01d1c) Importer(815301076,1909f56bfc062723c751e8b465ee728b)
Start importing Assets/Materials/Wall_E.mat using Guid(deec74141c8235a48a22839cfff01d1c) Importer(815301076,1909f56bfc062723c751e8b465ee728b)  -> (artifact id: 'cb67d9938ac9f877d5235d74c67e067c') in 0.018377 seconds
  Import took 0.021777 seconds .

========================================================================
Received Import Request.
  Time since last request: 0.000448 seconds.
  path: Assets/Materials/White.mat
  artifactKey: Guid(353e337a34607e3458c84d2ef69ea5fc) Importer(815301076,1909f56bfc062723c751e8b465ee728b)
Start importing Assets/Materials/White.mat using Guid(353e337a34607e3458c84d2ef69ea5fc) Importer(815301076,1909f56bfc062723c751e8b465ee728b)  -> (artifact id: 'eb2fd36a611683c86801a2f883cda8ea') in 0.015581 seconds
  Import took 0.019685 seconds .

========================================================================
Received Import Request.
  Time since last request: 0.000312 seconds.
  path: Assets/Materials/Wall_I.mat
  artifactKey: Guid(6f71c449e31aa804582c92549e7ce825) Importer(815301076,1909f56bfc062723c751e8b465ee728b)
Start importing Assets/Materials/Wall_I.mat using Guid(6f71c449e31aa804582c92549e7ce825) Importer(815301076,1909f56bfc062723c751e8b465ee728b)  -> (artifact id: '195b4a06dd80319d298dda8f9b8cc649') in 0.018354 seconds
  Import took 0.022068 seconds .

========================================================================
Received Import Request.
  Time since last request: 0.000309 seconds.
  path: Assets/Materials/Red.mat
  artifactKey: Guid(702215e8b5bc7324089bb4d4f18ae10b) Importer(815301076,1909f56bfc062723c751e8b465ee728b)
Start importing Assets/Materials/Red.mat using Guid(702215e8b5bc7324089bb4d4f18ae10b) Importer(815301076,1909f56bfc062723c751e8b465ee728b)  -> (artifact id: '804a7093079c44317919b01834eaba44') in 0.017591 seconds
  Import took 0.021306 seconds .

========================================================================
Received Import Request.
  Time since last request: 10.135884 seconds.
  path: Assets/Materials/amarillo.jpg
  artifactKey: Guid(9ef960f30056ed746a868bb9978a8dd9) Importer(815301076,1909f56bfc062723c751e8b465ee728b)
Start importing Assets/Materials/amarillo.jpg using Guid(9ef960f30056ed746a868bb9978a8dd9) Importer(815301076,1909f56bfc062723c751e8b465ee728b)  -> (artifact id: 'b5645860eb8515ef928ce8f471d0e784') in 0.022471 seconds
  Import took 0.027510 seconds .

========================================================================
Received Import Request.
  Time since last request: 0.000432 seconds.
  path: Assets/Materials/Baldosa.jpg
  artifactKey: Guid(6c5f429953f0d4744a8c1c091d722824) Importer(815301076,1909f56bfc062723c751e8b465ee728b)
Start importing Assets/Materials/Baldosa.jpg using Guid(6c5f429953f0d4744a8c1c091d722824) Importer(815301076,1909f56bfc062723c751e8b465ee728b)  -> (artifact id: 'cad806529d0921744ef1d8aabfa1988a') in 0.016054 seconds
  Import took 0.020246 seconds .

========================================================================
Received Prepare
Registering precompiled user dll's ...
Registered in 0.007222 seconds.
Begin MonoManager ReloadAssembly
Native extension for WindowsStandalone target not found
Native extension for WebGL target not found
Refreshing native plugins compatible for Editor in 0.33 ms, found 2 plugins.
Preloading 0 native plugins for Editor in 0.00 ms.
Mono: successfully reloaded assembly
- Completed reload, in  1.045 seconds
Platform modules already initialized, skipping
Refreshing native plugins compatible for Editor in 0.38 ms, found 2 plugins.
Preloading 0 native plugins for Editor in 0.00 ms.
Unloading 1453 Unused Serialized files (Serialized files now loaded: 0)
System memory in use before: 72.3 MB.
System memory in use after: 72.4 MB.

Unloading 14 unused Assets to reduce memory usage. Loaded Objects now: 1964.
Total: 2.114500 ms (FindLiveObjects: 0.178000 ms CreateObjectMapping: 0.059900 ms MarkObjects: 1.820400 ms  DeleteObjects: 0.055100 ms)

========================================================================
Received Import Request.
  Time since last request: 387.932771 seconds.
  path: Assets/Character/Ch33_nonPBR.fbx
  artifactKey: Guid(39a240fe1cc6263439f59702931b39c2) Importer(815301076,1909f56bfc062723c751e8b465ee728b)
Start importing Assets/Character/Ch33_nonPBR.fbx using Guid(39a240fe1cc6263439f59702931b39c2) Importer(815301076,1909f56bfc062723c751e8b465ee728b)  -> (artifact id: 'a19a71f8bca0a2e3b87eebd682f86658') in 0.420510 seconds
  Import took 0.430803 seconds .

========================================================================
Received Import Request.
  Time since last request: 0.000976 seconds.
  path: Assets/Character/Ch33_nonPBR@Idle.fbx
  artifactKey: Guid(6a31165c5e19f7d4f814c9b8b0851fb3) Importer(815301076,1909f56bfc062723c751e8b465ee728b)
Start importing Assets/Character/Ch33_nonPBR@Idle.fbx using Guid(6a31165c5e19f7d4f814c9b8b0851fb3) Importer(815301076,1909f56bfc062723c751e8b465ee728b)  -> (artifact id: '2f36ebec886837dd7293be6ed139f711') in 0.332818 seconds
  Import took 0.339460 seconds .

========================================================================
Received Import Request.
  Time since last request: 11.078047 seconds.
  path: Assets/Character/textures/Ch33_1001_Diffuse.png
  artifactKey: Guid(e7429e644bb6efe4ab6f134e3b452d9f) Importer(815301076,1909f56bfc062723c751e8b465ee728b)
Start importing Assets/Character/textures/Ch33_1001_Diffuse.png using Guid(e7429e644bb6efe4ab6f134e3b452d9f) Importer(815301076,1909f56bfc062723c751e8b465ee728b)  -> (artifact id: '517a8dbc242f4c7546add81015b5e0d4') in 0.022879 seconds
  Import took 0.025840 seconds .

========================================================================
Received Import Request.
  Time since last request: 0.000294 seconds.
  path: Assets/Character/textures/Ch33_1001_Glossiness.png
  artifactKey: Guid(ee512749ee81189488dcd507bd5d7a1b) Importer(815301076,1909f56bfc062723c751e8b465ee728b)
Start importing Assets/Character/textures/Ch33_1001_Glossiness.png using Guid(ee512749ee81189488dcd507bd5d7a1b) Importer(815301076,1909f56bfc062723c751e8b465ee728b)  -> (artifact id: '8a4901f5fbc4d41a5f4944fdb2aa3b51') in 0.018411 seconds
  Import took 0.022493 seconds .

========================================================================
Received Import Request.
  Time since last request: 0.000425 seconds.
  path: Assets/Character/textures/Ch33_1002_Normal.png
  artifactKey: Guid(875a147ed2711c54488eb873fed4d3d5) Importer(815301076,1909f56bfc062723c751e8b465ee728b)
Start importing Assets/Character/textures/Ch33_1002_Normal.png using Guid(875a147ed2711c54488eb873fed4d3d5) Importer(815301076,1909f56bfc062723c751e8b465ee728b)  -> (artifact id: '10c096edffa53cddbbf5c7f59ce3119d') in 0.023599 seconds
  Import took 0.027725 seconds .

========================================================================
Received Import Request.
  Time since last request: 0.000312 seconds.
  path: Assets/Character/textures/Ch33_1001_Glossiness.png
  artifactKey: Guid(ee512749ee81189488dcd507bd5d7a1b) Importer(815301076,1909f56bfc062723c751e8b465ee728b)
Start importing Assets/Character/textures/Ch33_1001_Glossiness.png using Guid(ee512749ee81189488dcd507bd5d7a1b) Importer(815301076,1909f56bfc062723c751e8b465ee728b)  -> (artifact id: '8a4901f5fbc4d41a5f4944fdb2aa3b51') in 0.016940 seconds
  Import took 0.019744 seconds .

========================================================================
Received Import Request.
  Time since last request: 0.000434 seconds.
  path: Assets/Character/textures/Ch33_1002_Diffuse.png
  artifactKey: Guid(fc9282341beb5954fa720674474c1664) Importer(815301076,1909f56bfc062723c751e8b465ee728b)
Start importing Assets/Character/textures/Ch33_1002_Diffuse.png using Guid(fc9282341beb5954fa720674474c1664) Importer(815301076,1909f56bfc062723c751e8b465ee728b)  -> (artifact id: '891e67fc15f98c650cf78dab60f1aeec') in 0.019494 seconds
  Import took 0.024108 seconds .

========================================================================
Received Import Request.
  Time since last request: 0.000628 seconds.
  path: Assets/Character/textures/Ch33_1001_Diffuse.png
  artifactKey: Guid(e7429e644bb6efe4ab6f134e3b452d9f) Importer(815301076,1909f56bfc062723c751e8b465ee728b)
Start importing Assets/Character/textures/Ch33_1001_Diffuse.png using Guid(e7429e644bb6efe4ab6f134e3b452d9f) Importer(815301076,1909f56bfc062723c751e8b465ee728b)  -> (artifact id: '517a8dbc242f4c7546add81015b5e0d4') in 0.016764 seconds
  Import took 0.020957 seconds .

========================================================================
Received Import Request.
  Time since last request: 0.000360 seconds.
  path: Assets/Character/textures/Ch33_1001_Specular.png
  artifactKey: Guid(cc07c2bcc9a8eb34f8ea31b6b846168a) Importer(815301076,1909f56bfc062723c751e8b465ee728b)
Start importing Assets/Character/textures/Ch33_1001_Specular.png using Guid(cc07c2bcc9a8eb34f8ea31b6b846168a) Importer(815301076,1909f56bfc062723c751e8b465ee728b)  -> (artifact id: '43b4a78c949c9745d9dfa8431a81f58d') in 0.019183 seconds
  Import took 0.022659 seconds .

========================================================================
Received Import Request.
  Time since last request: 0.000335 seconds.
  path: Assets/Character/textures/Ch33_1001_Normal.png
  artifactKey: Guid(e7d1bbb39f0535245acf0c836decdec3) Importer(815301076,1909f56bfc062723c751e8b465ee728b)
Start importing Assets/Character/textures/Ch33_1001_Normal.png using Guid(e7d1bbb39f0535245acf0c836decdec3) Importer(815301076,1909f56bfc062723c751e8b465ee728b)  -> (artifact id: '0fbf416413cba512defe8aee2a409427') in 0.021907 seconds
  Import took 0.027788 seconds .

========================================================================
Received Import Request.
  Time since last request: 8.911797 seconds.
  path: Assets/Buttons Design/Blue.png
  artifactKey: Guid(af5b3b01835fe4b51bc289d968b5575f) Importer(815301076,1909f56bfc062723c751e8b465ee728b)
Start importing Assets/Buttons Design/Blue.png using Guid(af5b3b01835fe4b51bc289d968b5575f) Importer(815301076,1909f56bfc062723c751e8b465ee728b)  -> (artifact id: '2e29a21a9badd60a2757e3e8408068ee') in 0.025023 seconds
  Import took 0.028578 seconds .

========================================================================
Received Import Request.
  Time since last request: 0.000375 seconds.
  path: Assets/Buttons Design/WhiteBrown.png
  artifactKey: Guid(924a3ea03d3374a14bb6d7fda9257489) Importer(815301076,1909f56bfc062723c751e8b465ee728b)
Start importing Assets/Buttons Design/WhiteBrown.png using Guid(924a3ea03d3374a14bb6d7fda9257489) Importer(815301076,1909f56bfc062723c751e8b465ee728b)  -> (artifact id: '49c0db09f7fea8adc71e8c3f8c2f7d9e') in 0.019973 seconds
  Import took 0.023460 seconds .

========================================================================
Received Import Request.
  Time since last request: 0.000370 seconds.
  path: Assets/Buttons Design/WhiteOrange.png
  artifactKey: Guid(69f9432e89dab44639f760f2de4a7192) Importer(815301076,1909f56bfc062723c751e8b465ee728b)
Start importing Assets/Buttons Design/WhiteOrange.png using Guid(69f9432e89dab44639f760f2de4a7192) Importer(815301076,1909f56bfc062723c751e8b465ee728b)  -> (artifact id: '87c545401c941306907652748f64229b') in 0.032988 seconds
  Import took 0.039133 seconds .

========================================================================
Received Import Request.
  Time since last request: 0.000565 seconds.
  path: Assets/Buttons Design/Green.png
  artifactKey: Guid(a6650a8a6351645e8aa3369d2425231a) Importer(815301076,1909f56bfc062723c751e8b465ee728b)
Start importing Assets/Buttons Design/Green.png using Guid(a6650a8a6351645e8aa3369d2425231a) Importer(815301076,1909f56bfc062723c751e8b465ee728b)  -> (artifact id: '4392932cc469c110b62cb8498e9a648e') in 0.029544 seconds
  Import took 0.036071 seconds .

========================================================================
Received Import Request.
  Time since last request: 0.000356 seconds.
  path: Assets/Buttons Design/WhiteBlue.png
  artifactKey: Guid(040927677e6bb44de900b6eef904ad28) Importer(815301076,1909f56bfc062723c751e8b465ee728b)
Start importing Assets/Buttons Design/WhiteBlue.png using Guid(040927677e6bb44de900b6eef904ad28) Importer(815301076,1909f56bfc062723c751e8b465ee728b)  -> (artifact id: '414e3d7ac750aff33149955eb85ba18a') in 0.016925 seconds
  Import took 0.020958 seconds .

========================================================================
Received Import Request.
  Time since last request: 0.000286 seconds.
  path: Assets/Buttons Design/Brown.png
  artifactKey: Guid(4718a3d8ae8b345c5adb5377c4c48d42) Importer(815301076,1909f56bfc062723c751e8b465ee728b)
Start importing Assets/Buttons Design/Brown.png using Guid(4718a3d8ae8b345c5adb5377c4c48d42) Importer(815301076,1909f56bfc062723c751e8b465ee728b)  -> (artifact id: 'c363341ee42e52cbf391f4b84124bbb8') in 0.028636 seconds
  Import took 0.032908 seconds .

========================================================================
Received Import Request.
  Time since last request: 0.000289 seconds.
  path: Assets/Buttons Design/WhiteGreen.png
  artifactKey: Guid(5b1f892b96001495898c0c4424bb31f4) Importer(815301076,1909f56bfc062723c751e8b465ee728b)
Start importing Assets/Buttons Design/WhiteGreen.png using Guid(5b1f892b96001495898c0c4424bb31f4) Importer(815301076,1909f56bfc062723c751e8b465ee728b)  -> (artifact id: '07d1b378bcedd1c46db9cfafe047cbaa') in 0.018048 seconds
  Import took 0.023506 seconds .

========================================================================
Received Import Request.
  Time since last request: 0.000273 seconds.
  path: Assets/Buttons Design/Orange.png
  artifactKey: Guid(1c1ab939ac3884f2b85f0066814a4077) Importer(815301076,1909f56bfc062723c751e8b465ee728b)
Start importing Assets/Buttons Design/Orange.png using Guid(1c1ab939ac3884f2b85f0066814a4077) Importer(815301076,1909f56bfc062723c751e8b465ee728b)  -> (artifact id: '36322ec90328bafecaf2385223070a33') in 0.029886 seconds
  Import took 0.033853 seconds .

========================================================================
Received Import Request.
  Time since last request: 18.021654 seconds.
  path: Assets/Character/Ch33_nonPBR@Left Strafe Walk.fbx
  artifactKey: Guid(b02693e6b77cdb744b85ff09f9207b82) Importer(815301076,1909f56bfc062723c751e8b465ee728b)
Start importing Assets/Character/Ch33_nonPBR@Left Strafe Walk.fbx using Guid(b02693e6b77cdb744b85ff09f9207b82) Importer(815301076,1909f56bfc062723c751e8b465ee728b)  -> (artifact id: '34e3bda65fd378e6e4e1dcc79c7b283f') in 0.197423 seconds
  Import took 0.202195 seconds .

========================================================================
Received Import Request.
  Time since last request: 0.000337 seconds.
  path: Assets/Character/Character1.prefab
  artifactKey: Guid(408111556fe9d6546aa009d4b1e83dee) Importer(815301076,1909f56bfc062723c751e8b465ee728b)
Start importing Assets/Character/Character1.prefab using Guid(408111556fe9d6546aa009d4b1e83dee) Importer(815301076,1909f56bfc062723c751e8b465ee728b)  -> (artifact id: '20d47f15212950725cc2060d3a91ba5e') in 0.165013 seconds
  Import took 0.170414 seconds .

========================================================================
Received Import Request.
  Time since last request: 0.000328 seconds.
  path: Assets/Character/Ch33_nonPBR@Left Strafe Walk.fbx
  artifactKey: Guid(b02693e6b77cdb744b85ff09f9207b82) Importer(815301076,1909f56bfc062723c751e8b465ee728b)
Start importing Assets/Character/Ch33_nonPBR@Left Strafe Walk.fbx using Guid(b02693e6b77cdb744b85ff09f9207b82) Importer(815301076,1909f56bfc062723c751e8b465ee728b)  -> (artifact id: '34e3bda65fd378e6e4e1dcc79c7b283f') in 0.230808 seconds
  Import took 0.234681 seconds .

========================================================================
Received Import Request.
  Time since last request: 0.000313 seconds.
  path: Assets/Character/Ch33_nonPBR@Standing Idle.fbx
  artifactKey: Guid(ad7815e356f18a7499b1b658ac9fbf53) Importer(815301076,1909f56bfc062723c751e8b465ee728b)
Start importing Assets/Character/Ch33_nonPBR@Standing Idle.fbx using Guid(ad7815e356f18a7499b1b658ac9fbf53) Importer(815301076,1909f56bfc062723c751e8b465ee728b)  -> (artifact id: '6cd5ccfaedb06ee7ecf49f85b37368fb') in 0.142218 seconds
  Import took 0.147294 seconds .

========================================================================
Received Import Request.
  Time since last request: 0.000280 seconds.
  path: Assets/Character/Ch33_nonPBR@Walking.fbx
  artifactKey: Guid(ae03858740d14d1498010c5952c6217b) Importer(815301076,1909f56bfc062723c751e8b465ee728b)
Start importing Assets/Character/Ch33_nonPBR@Walking.fbx using Guid(ae03858740d14d1498010c5952c6217b) Importer(815301076,1909f56bfc062723c751e8b465ee728b)  -> (artifact id: '8834b57685e1a86e384396fc7e08a44e') in 0.145004 seconds
  Import took 0.149896 seconds .

========================================================================
Received Import Request.
  Time since last request: 0.000221 seconds.
  path: Assets/Character/Ch33_nonPBR@Standing Idle.fbx
  artifactKey: Guid(ad7815e356f18a7499b1b658ac9fbf53) Importer(815301076,1909f56bfc062723c751e8b465ee728b)
Start importing Assets/Character/Ch33_nonPBR@Standing Idle.fbx using Guid(ad7815e356f18a7499b1b658ac9fbf53) Importer(815301076,1909f56bfc062723c751e8b465ee728b)  -> (artifact id: '6cd5ccfaedb06ee7ecf49f85b37368fb') in 0.141690 seconds
  Import took 0.147003 seconds .

========================================================================
Received Import Request.
  Time since last request: 0.000290 seconds.
  path: Assets/Character/Ch33_nonPBR@Walking.fbx
  artifactKey: Guid(ae03858740d14d1498010c5952c6217b) Importer(815301076,1909f56bfc062723c751e8b465ee728b)
Start importing Assets/Character/Ch33_nonPBR@Walking.fbx using Guid(ae03858740d14d1498010c5952c6217b) Importer(815301076,1909f56bfc062723c751e8b465ee728b)  -> (artifact id: '8834b57685e1a86e384396fc7e08a44e') in 0.153773 seconds
  Import took 0.159569 seconds .

AssetImportWorkerClient::OnTransportError - code=2 error=End of file
