Using pre-set license
Built from '2020.3/staging' branch; Version is '2020.3.11f1 (99c7afb366b3) revision 10078127'; Using compiler version '192528614'; Build Type 'Release'
OS: 'Windows 10 Home; OS build 19042.1052; Version 2009; 64bit' Language: 'en' Physical Memory: 16224 MB
BatchMode: 1, IsHumanControllingUs: 0, StartBugReporterOnCrash: 0, Is64bit: 1, IsPro: 0

 COMMAND LINE ARGUMENTS:
C:\Program Files\Unity\Hub\Editor\2020.3.11f1\Editor\Unity.exe
-adb2
-batchMode
-noUpm
-name
AssetImportWorker0
-projectPath
C:/Users/lazam/Desktop/Tesis/Final-Version/Cableado_Estructurado_Final
-logFile
Logs/AssetImportWorker0.log
-srvPort
62015
Successfully changed project path to: C:/Users/lazam/Desktop/Tesis/Final-Version/Cableado_Estructurado_Final
C:/Users/lazam/Desktop/Tesis/Final-Version/Cableado_Estructurado_Final
Using Asset Import Pipeline V2.
Refreshing native plugins compatible for Editor in 28.47 ms, found 2 plugins.
Preloading 0 native plugins for Editor in 0.00 ms.
Initialize engine version: 2020.3.11f1 (99c7afb366b3)
[Subsystems] Discovering subsystems at path C:/Program Files/Unity/Hub/Editor/2020.3.11f1/Editor/Data/Resources/UnitySubsystems
[Subsystems] Discovering subsystems at path C:/Users/lazam/Desktop/Tesis/Final-Version/Cableado_Estructurado_Final/Assets
GfxDevice: creating device client; threaded=0
Direct3D:
    Version:  Direct3D 11.0 [level 11.1]
    Renderer: NVIDIA GeForce RTX 2060 (ID=0x1f15)
    Vendor:   
    VRAM:     5980 MB
    Driver:   27.21.14.6589
Initialize mono
Mono path[0] = 'C:/Program Files/Unity/Hub/Editor/2020.3.11f1/Editor/Data/Managed'
Mono path[1] = 'C:/Program Files/Unity/Hub/Editor/2020.3.11f1/Editor/Data/MonoBleedingEdge/lib/mono/unityjit'
Mono config path = 'C:/Program Files/Unity/Hub/Editor/2020.3.11f1/Editor/Data/MonoBleedingEdge/etc'
Using monoOptions --debugger-agent=transport=dt_socket,embedding=1,server=y,suspend=n,address=127.0.0.1:56600
Begin MonoManager ReloadAssembly
Registering precompiled unity dll's ...
Register platform support module: C:/Program Files/Unity/Hub/Editor/2020.3.11f1/Editor/Data/PlaybackEngines/WebGLSupport/UnityEditor.WebGL.Extensions.dll
Register platform support module: C:/Program Files/Unity/Hub/Editor/2020.3.11f1/Editor/Data/PlaybackEngines/WindowsStandaloneSupport/UnityEditor.WindowsStandalone.Extensions.dll
Registered in 0.002281 seconds.
Native extension for WindowsStandalone target not found
Native extension for WebGL target not found
Refreshing native plugins compatible for Editor in 25.52 ms, found 2 plugins.
Preloading 0 native plugins for Editor in 0.00 ms.
Mono: successfully reloaded assembly
- Completed reload, in  0.953 seconds
Platform modules already initialized, skipping
Registering precompiled user dll's ...
Registered in 0.003891 seconds.
Begin MonoManager ReloadAssembly
Native extension for WindowsStandalone target not found
Native extension for WebGL target not found
Refreshing native plugins compatible for Editor in 0.30 ms, found 2 plugins.
Preloading 0 native plugins for Editor in 0.00 ms.
Mono: successfully reloaded assembly
- Completed reload, in  0.865 seconds
Platform modules already initialized, skipping
========================================================================
Worker process is ready to serve import requests
Launched and connected shader compiler UnityShaderCompiler.exe after 0.05 seconds
Refreshing native plugins compatible for Editor in 0.29 ms, found 2 plugins.
Preloading 0 native plugins for Editor in 0.00 ms.
Unloading 1458 Unused Serialized files (Serialized files now loaded: 0)
System memory in use before: 68.2 MB.
System memory in use after: 68.3 MB.

Unloading 19 unused Assets to reduce memory usage. Loaded Objects now: 1895.
Total: 1.727700 ms (FindLiveObjects: 0.118900 ms CreateObjectMapping: 0.035800 ms MarkObjects: 1.508000 ms  DeleteObjects: 0.064100 ms)

========================================================================
Received Import Request.
  path: Assets/Skybox/Materials
  artifactKey: Guid(c24b7eb175a60b744b7defb86dbc1722) Importer(815301076,1909f56bfc062723c751e8b465ee728b)
Start importing Assets/Skybox/Materials using Guid(c24b7eb175a60b744b7defb86dbc1722) Importer(815301076,1909f56bfc062723c751e8b465ee728b)  -> (artifact id: '7ef91ea40a9026cf50b4243684b20000') in 0.004174 seconds
  Import took 0.006176 seconds .

========================================================================
Received Import Request.
  Time since last request: 2.072744 seconds.
  path: Assets/Skybox/Materials/Skybox_Daytime.mat
  artifactKey: Guid(71f14a2d79f732f4d9893ef1b911f4ff) Importer(815301076,1909f56bfc062723c751e8b465ee728b)
Start importing Assets/Skybox/Materials/Skybox_Daytime.mat using Guid(71f14a2d79f732f4d9893ef1b911f4ff) Importer(815301076,1909f56bfc062723c751e8b465ee728b)  -> (artifact id: 'f1e92cd3eb0b0e92a7c839cb7bfeb0b4') in 0.162720 seconds
  Import took 0.167058 seconds .

========================================================================
Received Import Request.
  Time since last request: 0.000305 seconds.
  path: Assets/Skybox/Materials/Skybox_Sunset.mat
  artifactKey: Guid(4067de1a02072244798361060c5e7325) Importer(815301076,1909f56bfc062723c751e8b465ee728b)
Start importing Assets/Skybox/Materials/Skybox_Sunset.mat using Guid(4067de1a02072244798361060c5e7325) Importer(815301076,1909f56bfc062723c751e8b465ee728b)  -> (artifact id: '3904dbd85d40d94cef9b517a2b836709') in 0.041687 seconds
  Import took 0.045593 seconds .

========================================================================
Received Prepare
Registering precompiled user dll's ...
Registered in 0.005570 seconds.
Begin MonoManager ReloadAssembly
Native extension for WindowsStandalone target not found
Native extension for WebGL target not found
Refreshing native plugins compatible for Editor in 0.33 ms, found 2 plugins.
Preloading 0 native plugins for Editor in 0.00 ms.
Mono: successfully reloaded assembly
- Completed reload, in  1.095 seconds
Platform modules already initialized, skipping
Refreshing native plugins compatible for Editor in 0.55 ms, found 2 plugins.
Preloading 0 native plugins for Editor in 0.00 ms.
Unloading 1453 Unused Serialized files (Serialized files now loaded: 0)
System memory in use before: 71.5 MB.
System memory in use after: 71.5 MB.

Unloading 14 unused Assets to reduce memory usage. Loaded Objects now: 1939.
Total: 2.262800 ms (FindLiveObjects: 0.254800 ms CreateObjectMapping: 0.085100 ms MarkObjects: 1.873200 ms  DeleteObjects: 0.047000 ms)

========================================================================
Received Prepare
Registering precompiled user dll's ...
Registered in 0.005055 seconds.
Begin MonoManager ReloadAssembly
Native extension for WindowsStandalone target not found
Native extension for WebGL target not found
Refreshing native plugins compatible for Editor in 0.60 ms, found 2 plugins.
Preloading 0 native plugins for Editor in 0.00 ms.
Mono: successfully reloaded assembly
- Completed reload, in  1.119 seconds
Platform modules already initialized, skipping
Refreshing native plugins compatible for Editor in 0.60 ms, found 2 plugins.
Preloading 0 native plugins for Editor in 0.00 ms.
Unloading 1453 Unused Serialized files (Serialized files now loaded: 0)
System memory in use before: 71.5 MB.
System memory in use after: 71.6 MB.

Unloading 14 unused Assets to reduce memory usage. Loaded Objects now: 1942.
Total: 2.223500 ms (FindLiveObjects: 0.152300 ms CreateObjectMapping: 0.048400 ms MarkObjects: 1.943800 ms  DeleteObjects: 0.077500 ms)

========================================================================
Received Prepare
Registering precompiled user dll's ...
Registered in 0.004948 seconds.
Begin MonoManager ReloadAssembly
Native extension for WindowsStandalone target not found
Native extension for WebGL target not found
Refreshing native plugins compatible for Editor in 0.32 ms, found 2 plugins.
Preloading 0 native plugins for Editor in 0.00 ms.
Mono: successfully reloaded assembly
- Completed reload, in  1.100 seconds
Platform modules already initialized, skipping
Refreshing native plugins compatible for Editor in 0.32 ms, found 2 plugins.
Preloading 0 native plugins for Editor in 0.00 ms.
Unloading 1453 Unused Serialized files (Serialized files now loaded: 0)
System memory in use before: 71.6 MB.
System memory in use after: 71.6 MB.

Unloading 14 unused Assets to reduce memory usage. Loaded Objects now: 1945.
Total: 2.949800 ms (FindLiveObjects: 0.354700 ms CreateObjectMapping: 0.578600 ms MarkObjects: 1.966900 ms  DeleteObjects: 0.048500 ms)

========================================================================
Received Import Request.
  Time since last request: 1375.766830 seconds.
  path: Assets/Infrastructure/techo_piso_puertas2.blend
  artifactKey: Guid(9b6a89d1071e9b04a9bcb2907e03f56a) Importer(815301076,1909f56bfc062723c751e8b465ee728b)
Start importing Assets/Infrastructure/techo_piso_puertas2.blend using Guid(9b6a89d1071e9b04a9bcb2907e03f56a) Importer(815301076,1909f56bfc062723c751e8b465ee728b)  -> (artifact id: 'a0c3de5bb9e191690af2f42b356cf58d') in 1.736962 seconds
  Import took 1.744110 seconds .

========================================================================
Received Prepare
Registering precompiled user dll's ...
Registered in 0.004851 seconds.
Begin MonoManager ReloadAssembly
Native extension for WindowsStandalone target not found
Native extension for WebGL target not found
Refreshing native plugins compatible for Editor in 0.62 ms, found 2 plugins.
Preloading 0 native plugins for Editor in 0.00 ms.
Mono: successfully reloaded assembly
- Completed reload, in  1.059 seconds
Platform modules already initialized, skipping
Refreshing native plugins compatible for Editor in 0.30 ms, found 2 plugins.
Preloading 0 native plugins for Editor in 0.00 ms.
Unloading 1453 Unused Serialized files (Serialized files now loaded: 0)
System memory in use before: 72.4 MB.
System memory in use after: 72.5 MB.

Unloading 15 unused Assets to reduce memory usage. Loaded Objects now: 1952.
Total: 1.844900 ms (FindLiveObjects: 0.144000 ms CreateObjectMapping: 0.039200 ms MarkObjects: 1.610200 ms  DeleteObjects: 0.050300 ms)

AssetImportWorkerClient::OnTransportError - code=2 error=End of file
